Analysis & Synthesis report for processador_8bits
Wed Nov 26 15:38:04 2025
Quartus Prime Version 24.1std.0 Build 1077 03/04/2025 SC Lite Edition


---------------------
; Table of Contents ;
---------------------
  1. Legal Notice
  2. Analysis & Synthesis Summary
  3. Analysis & Synthesis Settings
  4. Parallel Compilation
  5. Analysis & Synthesis Source Files Read
  6. Analysis & Synthesis Resource Usage Summary
  7. Analysis & Synthesis Resource Utilization by Entity
  8. Analysis & Synthesis RAM Summary
  9. General Register Statistics
 10. Registers Packed Into Inferred Megafunctions
 11. Multiplexer Restructuring Statistics (Restructuring Performed)
 12. Source assignments for program_memory:ROM|altsyncram:rom_rtl_0|altsyncram_fmf1:auto_generated
 13. Parameter Settings for Inferred Entity Instance: program_memory:ROM|altsyncram:rom_rtl_0
 14. altsyncram Parameter Settings by Entity Instance
 15. Port Connectivity Checks: "program_memory:ROM"
 16. Port Connectivity Checks: "alu_unit:ULA"
 17. Post-Synthesis Netlist Statistics for Top Partition
 18. Elapsed Time Per Partition
 19. Analysis & Synthesis Messages



----------------
; Legal Notice ;
----------------
Copyright (C) 2025  Altera Corporation. All rights reserved.
Your use of Altera Corporation's design tools, logic functions 
and other software and tools, and any partner logic 
functions, and any output files from any of the foregoing 
(including device programming or simulation files), and any 
associated documentation or information are expressly subject 
to the terms and conditions of the Altera Program License 
Subscription Agreement, the Altera Quartus Prime License Agreement,
the Altera IP License Agreement, or other applicable license
agreement, including, without limitation, that your use is for
the sole purpose of programming logic devices manufactured by
Altera and sold by Altera or its authorized distributors.  Please
refer to the Altera Software License Subscription Agreements 
on the Quartus Prime software download page.



+-----------------------------------------------------------------------------------+
; Analysis & Synthesis Summary                                                      ;
+---------------------------------+-------------------------------------------------+
; Analysis & Synthesis Status     ; Successful - Wed Nov 26 15:38:04 2025           ;
; Quartus Prime Version           ; 24.1std.0 Build 1077 03/04/2025 SC Lite Edition ;
; Revision Name                   ; processador_8bits                               ;
; Top-level Entity Name           ; processador_8bits                               ;
; Family                          ; Cyclone V                                       ;
; Logic utilization (in ALMs)     ; N/A                                             ;
; Total registers                 ; 2075                                            ;
; Total pins                      ; 30                                              ;
; Total virtual pins              ; 0                                               ;
; Total block memory bits         ; 3,072                                           ;
; Total DSP Blocks                ; 0                                               ;
; Total HSSI RX PCSs              ; 0                                               ;
; Total HSSI PMA RX Deserializers ; 0                                               ;
; Total HSSI TX PCSs              ; 0                                               ;
; Total HSSI PMA TX Serializers   ; 0                                               ;
; Total PLLs                      ; 0                                               ;
; Total DLLs                      ; 0                                               ;
+---------------------------------+-------------------------------------------------+


+---------------------------------------------------------------------------------------------------------------------------+
; Analysis & Synthesis Settings                                                                                             ;
+---------------------------------------------------------------------------------+--------------------+--------------------+
; Option                                                                          ; Setting            ; Default Value      ;
+---------------------------------------------------------------------------------+--------------------+--------------------+
; Device                                                                          ; 5CEBA4F23C7        ;                    ;
; Top-level entity name                                                           ; processador_8bits  ; processador_8bits  ;
; Family name                                                                     ; Cyclone V          ; Cyclone V          ;
; Use smart compilation                                                           ; Off                ; Off                ;
; Enable parallel Assembler and Timing Analyzer during compilation                ; On                 ; On                 ;
; Enable compact report table                                                     ; Off                ; Off                ;
; Restructure Multiplexers                                                        ; Auto               ; Auto               ;
; MLAB Add Timing Constraints For Mixed-Port Feed-Through Mode Setting Don't Care ; Off                ; Off                ;
; Create Debugging Nodes for IP Cores                                             ; Off                ; Off                ;
; Preserve fewer node names                                                       ; On                 ; On                 ;
; Intel FPGA IP Evaluation Mode                                                   ; Enable             ; Enable             ;
; Verilog Version                                                                 ; Verilog_2001       ; Verilog_2001       ;
; VHDL Version                                                                    ; VHDL_1993          ; VHDL_1993          ;
; State Machine Processing                                                        ; Auto               ; Auto               ;
; Safe State Machine                                                              ; Off                ; Off                ;
; Extract Verilog State Machines                                                  ; On                 ; On                 ;
; Extract VHDL State Machines                                                     ; On                 ; On                 ;
; Ignore Verilog initial constructs                                               ; Off                ; Off                ;
; Iteration limit for constant Verilog loops                                      ; 5000               ; 5000               ;
; Iteration limit for non-constant Verilog loops                                  ; 250                ; 250                ;
; Add Pass-Through Logic to Inferred RAMs                                         ; On                 ; On                 ;
; Infer RAMs from Raw Logic                                                       ; On                 ; On                 ;
; Parallel Synthesis                                                              ; On                 ; On                 ;
; DSP Block Balancing                                                             ; Auto               ; Auto               ;
; NOT Gate Push-Back                                                              ; On                 ; On                 ;
; Power-Up Don't Care                                                             ; On                 ; On                 ;
; Remove Redundant Logic Cells                                                    ; Off                ; Off                ;
; Remove Duplicate Registers                                                      ; On                 ; On                 ;
; Ignore CARRY Buffers                                                            ; Off                ; Off                ;
; Ignore CASCADE Buffers                                                          ; Off                ; Off                ;
; Ignore GLOBAL Buffers                                                           ; Off                ; Off                ;
; Ignore ROW GLOBAL Buffers                                                       ; Off                ; Off                ;
; Ignore LCELL Buffers                                                            ; Off                ; Off                ;
; Ignore SOFT Buffers                                                             ; On                 ; On                 ;
; Limit AHDL Integers to 32 Bits                                                  ; Off                ; Off                ;
; Optimization Technique                                                          ; Balanced           ; Balanced           ;
; Carry Chain Length                                                              ; 70                 ; 70                 ;
; Auto Carry Chains                                                               ; On                 ; On                 ;
; Auto Open-Drain Pins                                                            ; On                 ; On                 ;
; Perform WYSIWYG Primitive Resynthesis                                           ; Off                ; Off                ;
; Auto ROM Replacement                                                            ; On                 ; On                 ;
; Auto RAM Replacement                                                            ; On                 ; On                 ;
; Auto DSP Block Replacement                                                      ; On                 ; On                 ;
; Auto Shift Register Replacement                                                 ; Auto               ; Auto               ;
; Allow Shift Register Merging across Hierarchies                                 ; Auto               ; Auto               ;
; Auto Clock Enable Replacement                                                   ; On                 ; On                 ;
; Strict RAM Replacement                                                          ; Off                ; Off                ;
; Allow Synchronous Control Signals                                               ; On                 ; On                 ;
; Force Use of Synchronous Clear Signals                                          ; Off                ; Off                ;
; Auto Resource Sharing                                                           ; Off                ; Off                ;
; Allow Any RAM Size For Recognition                                              ; Off                ; Off                ;
; Allow Any ROM Size For Recognition                                              ; Off                ; Off                ;
; Allow Any Shift Register Size For Recognition                                   ; Off                ; Off                ;
; Use LogicLock Constraints during Resource Balancing                             ; On                 ; On                 ;
; Ignore translate_off and synthesis_off directives                               ; Off                ; Off                ;
; Timing-Driven Synthesis                                                         ; On                 ; On                 ;
; Report Parameter Settings                                                       ; On                 ; On                 ;
; Report Source Assignments                                                       ; On                 ; On                 ;
; Report Connectivity Checks                                                      ; On                 ; On                 ;
; Ignore Maximum Fan-Out Assignments                                              ; Off                ; Off                ;
; Synchronization Register Chain Length                                           ; 3                  ; 3                  ;
; Power Optimization During Synthesis                                             ; Normal compilation ; Normal compilation ;
; HDL message level                                                               ; Level2             ; Level2             ;
; Suppress Register Optimization Related Messages                                 ; Off                ; Off                ;
; Number of Removed Registers Reported in Synthesis Report                        ; 5000               ; 5000               ;
; Number of Swept Nodes Reported in Synthesis Report                              ; 5000               ; 5000               ;
; Number of Inverted Registers Reported in Synthesis Report                       ; 100                ; 100                ;
; Clock MUX Protection                                                            ; On                 ; On                 ;
; Auto Gated Clock Conversion                                                     ; Off                ; Off                ;
; Block Design Naming                                                             ; Auto               ; Auto               ;
; SDC constraint protection                                                       ; Off                ; Off                ;
; Synthesis Effort                                                                ; Auto               ; Auto               ;
; Shift Register Replacement - Allow Asynchronous Clear Signal                    ; On                 ; On                 ;
; Pre-Mapping Resynthesis Optimization                                            ; Off                ; Off                ;
; Analysis & Synthesis Message Level                                              ; Medium             ; Medium             ;
; Disable Register Merging Across Hierarchies                                     ; Auto               ; Auto               ;
; Resource Aware Inference For Block RAM                                          ; On                 ; On                 ;
; Automatic Parallel Synthesis                                                    ; On                 ; On                 ;
; Partial Reconfiguration Bitstream ID                                            ; Off                ; Off                ;
+---------------------------------------------------------------------------------+--------------------+--------------------+


+------------------------------------------+
; Parallel Compilation                     ;
+----------------------------+-------------+
; Processors                 ; Number      ;
+----------------------------+-------------+
; Number detected on machine ; 4           ;
; Maximum allowed            ; 2           ;
;                            ;             ;
; Average used               ; 1.00        ;
; Maximum used               ; 2           ;
;                            ;             ;
; Usage by Processor         ; % Time Used ;
;     Processor 1            ; 100.0%      ;
;     Processor 2            ;   0.0%      ;
+----------------------------+-------------+


+--------------------------------------------------------------------------------------------------------------------------------------------------------------------------------------------------------------------------------------------------------------------+
; Analysis & Synthesis Source Files Read                                                                                                                                                                                                                             ;
+-----------------------------------------------------------+-----------------+-------------------------------------------------------+--------------------------------------------------------------------------------------------------------------------+---------+
; File Name with User-Entered Path                          ; Used in Netlist ; File Type                                             ; File Name with Absolute Path                                                                                       ; Library ;
+-----------------------------------------------------------+-----------------+-------------------------------------------------------+--------------------------------------------------------------------------------------------------------------------+---------+
; processador_8bits.v                                       ; yes             ; User Verilog HDL File                                 ; C:/Users/naila/Documents/GitHub/ci-digital/projeto-final/processador_8bits.v                                       ;         ;
; altsyncram.tdf                                            ; yes             ; Megafunction                                          ; c:/intelfpga_lite/24.1std/quartus/libraries/megafunctions/altsyncram.tdf                                           ;         ;
; stratix_ram_block.inc                                     ; yes             ; Megafunction                                          ; c:/intelfpga_lite/24.1std/quartus/libraries/megafunctions/stratix_ram_block.inc                                    ;         ;
; lpm_mux.inc                                               ; yes             ; Megafunction                                          ; c:/intelfpga_lite/24.1std/quartus/libraries/megafunctions/lpm_mux.inc                                              ;         ;
; lpm_decode.inc                                            ; yes             ; Megafunction                                          ; c:/intelfpga_lite/24.1std/quartus/libraries/megafunctions/lpm_decode.inc                                           ;         ;
; aglobal241.inc                                            ; yes             ; Megafunction                                          ; c:/intelfpga_lite/24.1std/quartus/libraries/megafunctions/aglobal241.inc                                           ;         ;
; a_rdenreg.inc                                             ; yes             ; Megafunction                                          ; c:/intelfpga_lite/24.1std/quartus/libraries/megafunctions/a_rdenreg.inc                                            ;         ;
; altrom.inc                                                ; yes             ; Megafunction                                          ; c:/intelfpga_lite/24.1std/quartus/libraries/megafunctions/altrom.inc                                               ;         ;
; altram.inc                                                ; yes             ; Megafunction                                          ; c:/intelfpga_lite/24.1std/quartus/libraries/megafunctions/altram.inc                                               ;         ;
; altdpram.inc                                              ; yes             ; Megafunction                                          ; c:/intelfpga_lite/24.1std/quartus/libraries/megafunctions/altdpram.inc                                             ;         ;
; db/altsyncram_fmf1.tdf                                    ; yes             ; Auto-Generated Megafunction                           ; C:/Users/naila/Documents/GitHub/ci-digital/projeto-final/db/altsyncram_fmf1.tdf                                    ;         ;
; db/processador_8bits.ram0_program_memory_18b6910b.hdl.mif ; yes             ; Auto-Generated Auto-Found Memory Initialization File  ; C:/Users/naila/Documents/GitHub/ci-digital/projeto-final/db/processador_8bits.ram0_program_memory_18b6910b.hdl.mif ;         ;
+-----------------------------------------------------------+-----------------+-------------------------------------------------------+--------------------------------------------------------------------------------------------------------------------+---------+


+---------------------------------------------------------+
; Analysis & Synthesis Resource Usage Summary             ;
+---------------------------------------------+-----------+
; Resource                                    ; Usage     ;
+---------------------------------------------+-----------+
; Estimate of Logic utilization (ALMs needed) ; 1551      ;
;                                             ;           ;
; Combinational ALUT usage for logic          ; 1078      ;
;     -- 7 input functions                    ; 0         ;
;     -- 6 input functions                    ; 751       ;
;     -- 5 input functions                    ; 284       ;
;     -- 4 input functions                    ; 10        ;
;     -- <=3 input functions                  ; 33        ;
;                                             ;           ;
; Dedicated logic registers                   ; 2075      ;
;                                             ;           ;
; I/O pins                                    ; 30        ;
; Total MLAB memory bits                      ; 0         ;
; Total block memory bits                     ; 3072      ;
;                                             ;           ;
; Total DSP Blocks                            ; 0         ;
;                                             ;           ;
; Maximum fan-out node                        ; clk~input ;
; Maximum fan-out                             ; 2087      ;
; Total fan-out                               ; 12487     ;
; Average fan-out                             ; 3.87      ;
+---------------------------------------------+-----------+


+-----------------------------------------------------------------------------------------------------------------------------------------------------------------------------------------------------------------------------------------------------------------------------------+
; Analysis & Synthesis Resource Utilization by Entity                                                                                                                                                                                                                               ;
+-------------------------------------------+---------------------+---------------------------+-------------------+------------+------+--------------+-------------------------------------------------------------------------------------------+-------------------+--------------+
; Compilation Hierarchy Node                ; Combinational ALUTs ; Dedicated Logic Registers ; Block Memory Bits ; DSP Blocks ; Pins ; Virtual Pins ; Full Hierarchy Name                                                                       ; Entity Name       ; Library Name ;
+-------------------------------------------+---------------------+---------------------------+-------------------+------------+------+--------------+-------------------------------------------------------------------------------------------+-------------------+--------------+
; |processador_8bits                        ; 1078 (56)           ; 2075 (26)                 ; 3072              ; 0          ; 30   ; 0            ; |processador_8bits                                                                        ; processador_8bits ; work         ;
;    |alu_unit:ULA|                         ; 9 (9)               ; 0 (0)                     ; 0                 ; 0          ; 0    ; 0            ; |processador_8bits|alu_unit:ULA                                                           ; alu_unit          ; work         ;
;    |data_memory:RAM|                      ; 1000 (1000)         ; 2048 (2048)               ; 0                 ; 0          ; 0    ; 0            ; |processador_8bits|data_memory:RAM                                                        ; data_memory       ; work         ;
;    |program_memory:ROM|                   ; 13 (13)             ; 1 (1)                     ; 3072              ; 0          ; 0    ; 0            ; |processador_8bits|program_memory:ROM                                                     ; program_memory    ; work         ;
;       |altsyncram:rom_rtl_0|              ; 0 (0)               ; 0 (0)                     ; 3072              ; 0          ; 0    ; 0            ; |processador_8bits|program_memory:ROM|altsyncram:rom_rtl_0                                ; altsyncram        ; work         ;
;          |altsyncram_fmf1:auto_generated| ; 0 (0)               ; 0 (0)                     ; 3072              ; 0          ; 0    ; 0            ; |processador_8bits|program_memory:ROM|altsyncram:rom_rtl_0|altsyncram_fmf1:auto_generated ; altsyncram_fmf1   ; work         ;
+-------------------------------------------+---------------------+---------------------------+-------------------+------------+------+--------------+-------------------------------------------------------------------------------------------+-------------------+--------------+
Note: For table entries with two numbers listed, the numbers in parentheses indicate the number of resources of the given type used by the specific entity alone. The numbers listed outside of parentheses indicate the total resources of the given type used by the specific entity and all of its sub-entities in the hierarchy.


+--------------------------------------------------------------------------------------------------------------------------------------------------------------------------------------------------------------------------------+
; Analysis & Synthesis RAM Summary                                                                                                                                                                                               ;
+-----------------------------------------------------------------------------------+------+------+--------------+--------------+--------------+--------------+------+-----------------------------------------------------------+
; Name                                                                              ; Type ; Mode ; Port A Depth ; Port A Width ; Port B Depth ; Port B Width ; Size ; MIF                                                       ;
+-----------------------------------------------------------------------------------+------+------+--------------+--------------+--------------+--------------+------+-----------------------------------------------------------+
; program_memory:ROM|altsyncram:rom_rtl_0|altsyncram_fmf1:auto_generated|ALTSYNCRAM ; AUTO ; ROM  ; 256          ; 16           ; --           ; --           ; 4096 ; db/processador_8bits.ram0_program_memory_18b6910b.hdl.mif ;
+-----------------------------------------------------------------------------------+------+------+--------------+--------------+--------------+--------------+------+-----------------------------------------------------------+


+------------------------------------------------------+
; General Register Statistics                          ;
+----------------------------------------------+-------+
; Statistic                                    ; Value ;
+----------------------------------------------+-------+
; Total registers                              ; 2075  ;
; Number of registers using Synchronous Clear  ; 0     ;
; Number of registers using Synchronous Load   ; 8     ;
; Number of registers using Asynchronous Clear ; 27    ;
; Number of registers using Asynchronous Load  ; 0     ;
; Number of registers using Clock Enable       ; 2072  ;
; Number of registers using Preset             ; 0     ;
+----------------------------------------------+-------+


+-------------------------------------------------------+
; Registers Packed Into Inferred Megafunctions          ;
+-----------------+------------------------------+------+
; Register Name   ; Megafunction                 ; Type ;
+-----------------+------------------------------+------+
; IR[0..7,12..15] ; program_memory:ROM|rom_rtl_0 ; RAM  ;
+-----------------+------------------------------+------+


+-------------------------------------------------------------------------------------------------------------------------------------------------+
; Multiplexer Restructuring Statistics (Restructuring Performed)                                                                                  ;
+--------------------+-----------+---------------+----------------------+------------------------+------------+-----------------------------------+
; Multiplexer Inputs ; Bus Width ; Baseline Area ; Area if Restructured ; Saving if Restructured ; Registered ; Example Multiplexer Output        ;
+--------------------+-----------+---------------+----------------------+------------------------+------------+-----------------------------------+
; 8:1                ; 8 bits    ; 40 LEs        ; 16 LEs               ; 24 LEs                 ; Yes        ; |processador_8bits|B[4]           ;
; 9:1                ; 8 bits    ; 48 LEs        ; 16 LEs               ; 32 LEs                 ; Yes        ; |processador_8bits|A[1]           ;
; 21:1               ; 8 bits    ; 112 LEs       ; 0 LEs                ; 112 LEs                ; Yes        ; |processador_8bits|PC[0]          ;
; 31:1               ; 8 bits    ; 160 LEs       ; 64 LEs               ; 96 LEs                 ; No         ; |processador_8bits|ram_data_in[0] ;
+--------------------+-----------+---------------+----------------------+------------------------+------------+-----------------------------------+


+-----------------------------------------------------------------------------------------------+
; Source assignments for program_memory:ROM|altsyncram:rom_rtl_0|altsyncram_fmf1:auto_generated ;
+---------------------------------+--------------------+------+---------------------------------+
; Assignment                      ; Value              ; From ; To                              ;
+---------------------------------+--------------------+------+---------------------------------+
; OPTIMIZE_POWER_DURING_SYNTHESIS ; NORMAL_COMPILATION ; -    ; -                               ;
+---------------------------------+--------------------+------+---------------------------------+


+-----------------------------------------------------------------------------------------------------------------+
; Parameter Settings for Inferred Entity Instance: program_memory:ROM|altsyncram:rom_rtl_0                        ;
+------------------------------------+-----------------------------------------------------------+----------------+
; Parameter Name                     ; Value                                                     ; Type           ;
+------------------------------------+-----------------------------------------------------------+----------------+
; BYTE_SIZE_BLOCK                    ; 8                                                         ; Untyped        ;
; AUTO_CARRY_CHAINS                  ; ON                                                        ; AUTO_CARRY     ;
; IGNORE_CARRY_BUFFERS               ; OFF                                                       ; IGNORE_CARRY   ;
; AUTO_CASCADE_CHAINS                ; ON                                                        ; AUTO_CASCADE   ;
; IGNORE_CASCADE_BUFFERS             ; OFF                                                       ; IGNORE_CASCADE ;
; WIDTH_BYTEENA                      ; 1                                                         ; Untyped        ;
; OPERATION_MODE                     ; ROM                                                       ; Untyped        ;
; WIDTH_A                            ; 16                                                        ; Untyped        ;
; WIDTHAD_A                          ; 8                                                         ; Untyped        ;
; NUMWORDS_A                         ; 256                                                       ; Untyped        ;
; OUTDATA_REG_A                      ; UNREGISTERED                                              ; Untyped        ;
; ADDRESS_ACLR_A                     ; NONE                                                      ; Untyped        ;
; OUTDATA_ACLR_A                     ; NONE                                                      ; Untyped        ;
; WRCONTROL_ACLR_A                   ; NONE                                                      ; Untyped        ;
; INDATA_ACLR_A                      ; NONE                                                      ; Untyped        ;
; BYTEENA_ACLR_A                     ; NONE                                                      ; Untyped        ;
; WIDTH_B                            ; 1                                                         ; Untyped        ;
; WIDTHAD_B                          ; 1                                                         ; Untyped        ;
; NUMWORDS_B                         ; 1                                                         ; Untyped        ;
; INDATA_REG_B                       ; CLOCK1                                                    ; Untyped        ;
; WRCONTROL_WRADDRESS_REG_B          ; CLOCK1                                                    ; Untyped        ;
; RDCONTROL_REG_B                    ; CLOCK1                                                    ; Untyped        ;
; ADDRESS_REG_B                      ; CLOCK1                                                    ; Untyped        ;
; OUTDATA_REG_B                      ; UNREGISTERED                                              ; Untyped        ;
; BYTEENA_REG_B                      ; CLOCK1                                                    ; Untyped        ;
; INDATA_ACLR_B                      ; NONE                                                      ; Untyped        ;
; WRCONTROL_ACLR_B                   ; NONE                                                      ; Untyped        ;
; ADDRESS_ACLR_B                     ; NONE                                                      ; Untyped        ;
; OUTDATA_ACLR_B                     ; NONE                                                      ; Untyped        ;
; RDCONTROL_ACLR_B                   ; NONE                                                      ; Untyped        ;
; BYTEENA_ACLR_B                     ; NONE                                                      ; Untyped        ;
; WIDTH_BYTEENA_A                    ; 1                                                         ; Untyped        ;
; WIDTH_BYTEENA_B                    ; 1                                                         ; Untyped        ;
; RAM_BLOCK_TYPE                     ; AUTO                                                      ; Untyped        ;
; BYTE_SIZE                          ; 8                                                         ; Untyped        ;
; READ_DURING_WRITE_MODE_MIXED_PORTS ; DONT_CARE                                                 ; Untyped        ;
; READ_DURING_WRITE_MODE_PORT_A      ; NEW_DATA_NO_NBE_READ                                      ; Untyped        ;
; READ_DURING_WRITE_MODE_PORT_B      ; NEW_DATA_NO_NBE_READ                                      ; Untyped        ;
; INIT_FILE                          ; db/processador_8bits.ram0_program_memory_18b6910b.hdl.mif ; Untyped        ;
; INIT_FILE_LAYOUT                   ; PORT_A                                                    ; Untyped        ;
; MAXIMUM_DEPTH                      ; 0                                                         ; Untyped        ;
; CLOCK_ENABLE_INPUT_A               ; NORMAL                                                    ; Untyped        ;
; CLOCK_ENABLE_INPUT_B               ; NORMAL                                                    ; Untyped        ;
; CLOCK_ENABLE_OUTPUT_A              ; NORMAL                                                    ; Untyped        ;
; CLOCK_ENABLE_OUTPUT_B              ; NORMAL                                                    ; Untyped        ;
; CLOCK_ENABLE_CORE_A                ; USE_INPUT_CLKEN                                           ; Untyped        ;
; CLOCK_ENABLE_CORE_B                ; USE_INPUT_CLKEN                                           ; Untyped        ;
; ENABLE_ECC                         ; FALSE                                                     ; Untyped        ;
; ECC_PIPELINE_STAGE_ENABLED         ; FALSE                                                     ; Untyped        ;
; WIDTH_ECCSTATUS                    ; 3                                                         ; Untyped        ;
; DEVICE_FAMILY                      ; Cyclone V                                                 ; Untyped        ;
; CBXI_PARAMETER                     ; altsyncram_fmf1                                           ; Untyped        ;
+------------------------------------+-----------------------------------------------------------+----------------+
Note: In order to hide this table in the UI and the text report file, please set the "Show Parameter Settings in Synthesis Report" option in "Analysis and Synthesis Settings -> More Settings" to "Off".


+-------------------------------------------------------------------------------------+
; altsyncram Parameter Settings by Entity Instance                                    ;
+-------------------------------------------+-----------------------------------------+
; Name                                      ; Value                                   ;
+-------------------------------------------+-----------------------------------------+
; Number of entity instances                ; 1                                       ;
; Entity Instance                           ; program_memory:ROM|altsyncram:rom_rtl_0 ;
;     -- OPERATION_MODE                     ; ROM                                     ;
;     -- WIDTH_A                            ; 16                                      ;
;     -- NUMWORDS_A                         ; 256                                     ;
;     -- OUTDATA_REG_A                      ; UNREGISTERED                            ;
;     -- WIDTH_B                            ; 1                                       ;
;     -- NUMWORDS_B                         ; 1                                       ;
;     -- ADDRESS_REG_B                      ; CLOCK1                                  ;
;     -- OUTDATA_REG_B                      ; UNREGISTERED                            ;
;     -- RAM_BLOCK_TYPE                     ; AUTO                                    ;
;     -- READ_DURING_WRITE_MODE_MIXED_PORTS ; DONT_CARE                               ;
+-------------------------------------------+-----------------------------------------+


+---------------------------------------------------------------------------------------------------------------------------+
; Port Connectivity Checks: "program_memory:ROM"                                                                            ;
+-----------------+--------+----------+-------------------------------------------------------------------------------------+
; Port            ; Type   ; Severity ; Details                                                                             ;
+-----------------+--------+----------+-------------------------------------------------------------------------------------+
; data_out[11..8] ; Output ; Info     ; Connected to dangling logic. Logic that only feeds a dangling port will be removed. ;
+-----------------+--------+----------+-------------------------------------------------------------------------------------+


+-------------------------------------------------------------------------------------------------------------------+
; Port Connectivity Checks: "alu_unit:ULA"                                                                          ;
+---------+--------+----------+-------------------------------------------------------------------------------------+
; Port    ; Type   ; Severity ; Details                                                                             ;
+---------+--------+----------+-------------------------------------------------------------------------------------+
; is_zero ; Output ; Info     ; Connected to dangling logic. Logic that only feeds a dangling port will be removed. ;
+---------+--------+----------+-------------------------------------------------------------------------------------+


+-----------------------------------------------------+
; Post-Synthesis Netlist Statistics for Top Partition ;
+-----------------------+-----------------------------+
; Type                  ; Count                       ;
+-----------------------+-----------------------------+
; arriav_ff             ; 2075                        ;
;     CLR               ; 3                           ;
;     ENA               ; 2048                        ;
;     ENA CLR           ; 16                          ;
;     ENA CLR SLD       ; 8                           ;
; arriav_lcell_comb     ; 1079                        ;
;     arith             ; 17                          ;
;         1 data inputs ; 8                           ;
;         2 data inputs ; 1                           ;
;         4 data inputs ; 8                           ;
;     normal            ; 1062                        ;
;         0 data inputs ; 1                           ;
;         2 data inputs ; 17                          ;
;         3 data inputs ; 7                           ;
;         4 data inputs ; 2                           ;
;         5 data inputs ; 284                         ;
;         6 data inputs ; 751                         ;
; boundary_port         ; 30                          ;
; stratixv_ram_block    ; 12                          ;
;                       ;                             ;
; Max LUT depth         ; 6.00                        ;
; Average LUT depth     ; 4.95                        ;
+-----------------------+-----------------------------+


+-------------------------------+
; Elapsed Time Per Partition    ;
+----------------+--------------+
; Partition Name ; Elapsed Time ;
+----------------+--------------+
; Top            ; 00:00:02     ;
+----------------+--------------+


+-------------------------------+
; Analysis & Synthesis Messages ;
+-------------------------------+
Info: *******************************************************************
Info: Running Quartus Prime Analysis & Synthesis
    Info: Version 24.1std.0 Build 1077 03/04/2025 SC Lite Edition
    Info: Processing started: Wed Nov 26 15:37:37 2025
Info: Command: quartus_map --read_settings_files=on --write_settings_files=off Processador8Bits -c processador_8bits
Warning (18236): Number of processors has not been specified which may cause overloading on shared machines.  Set the global assignment NUM_PARALLEL_PROCESSORS in your QSF to an appropriate value for best performance.
Info (20030): Parallel compilation is enabled and will use 2 of the 2 processors detected
Info (12021): Found 1 design units, including 1 entities, in source file tb_processador.v
    Info (12023): Found entity 1: tb_processador File: C:/Users/naila/Documents/GitHub/ci-digital/projeto-final/tb_processador.v Line: 4
Info (12021): Found 4 design units, including 4 entities, in source file processador_8bits.v
    Info (12023): Found entity 1: alu_unit File: C:/Users/naila/Documents/GitHub/ci-digital/projeto-final/processador_8bits.v Line: 4
    Info (12023): Found entity 2: program_memory File: C:/Users/naila/Documents/GitHub/ci-digital/projeto-final/processador_8bits.v Line: 29
    Info (12023): Found entity 3: data_memory File: C:/Users/naila/Documents/GitHub/ci-digital/projeto-final/processador_8bits.v Line: 77
    Info (12023): Found entity 4: processador_8bits File: C:/Users/naila/Documents/GitHub/ci-digital/projeto-final/processador_8bits.v Line: 101
Info (12127): Elaborating entity "processador_8bits" for the top level hierarchy
Warning (10270): Verilog HDL Case Statement warning at processador_8bits.v(140): incomplete case statement has no default case item File: C:/Users/naila/Documents/GitHub/ci-digital/projeto-final/processador_8bits.v Line: 140
Warning (10230): Verilog HDL assignment warning at processador_8bits.v(151): truncated value with size 32 to match size of target (2) File: C:/Users/naila/Documents/GitHub/ci-digital/projeto-final/processador_8bits.v Line: 151
Warning (10230): Verilog HDL assignment warning at processador_8bits.v(156): truncated value with size 32 to match size of target (8) File: C:/Users/naila/Documents/GitHub/ci-digital/projeto-final/processador_8bits.v Line: 156
Warning (10230): Verilog HDL assignment warning at processador_8bits.v(157): truncated value with size 32 to match size of target (2) File: C:/Users/naila/Documents/GitHub/ci-digital/projeto-final/processador_8bits.v Line: 157
Warning (10230): Verilog HDL assignment warning at processador_8bits.v(169): truncated value with size 32 to match size of target (2) File: C:/Users/naila/Documents/GitHub/ci-digital/projeto-final/processador_8bits.v Line: 169
Warning (10230): Verilog HDL assignment warning at processador_8bits.v(171): truncated value with size 32 to match size of target (2) File: C:/Users/naila/Documents/GitHub/ci-digital/projeto-final/processador_8bits.v Line: 171
Warning (10230): Verilog HDL assignment warning at processador_8bits.v(174): truncated value with size 32 to match size of target (2) File: C:/Users/naila/Documents/GitHub/ci-digital/projeto-final/processador_8bits.v Line: 174
Info (12128): Elaborating entity "alu_unit" for hierarchy "alu_unit:ULA" File: C:/Users/naila/Documents/GitHub/ci-digital/projeto-final/processador_8bits.v Line: 122
Info (12128): Elaborating entity "program_memory" for hierarchy "program_memory:ROM" File: C:/Users/naila/Documents/GitHub/ci-digital/projeto-final/processador_8bits.v Line: 123
Warning (10030): Net "rom.data_a" at processador_8bits.v(47) has no driver or initial value, using a default initial value '0' File: C:/Users/naila/Documents/GitHub/ci-digital/projeto-final/processador_8bits.v Line: 47
Warning (10030): Net "rom.waddr_a" at processador_8bits.v(47) has no driver or initial value, using a default initial value '0' File: C:/Users/naila/Documents/GitHub/ci-digital/projeto-final/processador_8bits.v Line: 47
Warning (10030): Net "rom.we_a" at processador_8bits.v(47) has no driver or initial value, using a default initial value '0' File: C:/Users/naila/Documents/GitHub/ci-digital/projeto-final/processador_8bits.v Line: 47
Info (12128): Elaborating entity "data_memory" for hierarchy "data_memory:RAM" File: C:/Users/naila/Documents/GitHub/ci-digital/projeto-final/processador_8bits.v Line: 124
Info (276014): Found 1 instances of uninferred RAM logic
    Info (276007): RAM logic "data_memory:RAM|ram" is uninferred due to asynchronous read logic File: C:/Users/naila/Documents/GitHub/ci-digital/projeto-final/processador_8bits.v Line: 84
Info (19000): Inferred 1 megafunctions from design logic
    Info (276029): Inferred altsyncram megafunction from the following design logic: "program_memory:ROM|rom_rtl_0" 
        Info (286033): Parameter OPERATION_MODE set to ROM
        Info (286033): Parameter WIDTH_A set to 16
        Info (286033): Parameter WIDTHAD_A set to 8
        Info (286033): Parameter NUMWORDS_A set to 256
        Info (286033): Parameter OUTDATA_REG_A set to UNREGISTERED
        Info (286033): Parameter ADDRESS_ACLR_A set to NONE
        Info (286033): Parameter OUTDATA_ACLR_A set to NONE
        Info (286033): Parameter INDATA_ACLR_A set to NONE
        Info (286033): Parameter WRCONTROL_ACLR_A set to NONE
        Info (286033): Parameter INIT_FILE set to db/processador_8bits.ram0_program_memory_18b6910b.hdl.mif
Info (12130): Elaborated megafunction instantiation "program_memory:ROM|altsyncram:rom_rtl_0"
Info (12133): Instantiated megafunction "program_memory:ROM|altsyncram:rom_rtl_0" with the following parameter:
    Info (12134): Parameter "OPERATION_MODE" = "ROM"
    Info (12134): Parameter "WIDTH_A" = "16"
    Info (12134): Parameter "WIDTHAD_A" = "8"
    Info (12134): Parameter "NUMWORDS_A" = "256"
    Info (12134): Parameter "OUTDATA_REG_A" = "UNREGISTERED"
    Info (12134): Parameter "ADDRESS_ACLR_A" = "NONE"
    Info (12134): Parameter "OUTDATA_ACLR_A" = "NONE"
    Info (12134): Parameter "INDATA_ACLR_A" = "NONE"
    Info (12134): Parameter "WRCONTROL_ACLR_A" = "NONE"
    Info (12134): Parameter "INIT_FILE" = "db/processador_8bits.ram0_program_memory_18b6910b.hdl.mif"
Info (12021): Found 1 design units, including 1 entities, in source file db/altsyncram_fmf1.tdf
    Info (12023): Found entity 1: altsyncram_fmf1 File: C:/Users/naila/Documents/GitHub/ci-digital/projeto-final/db/altsyncram_fmf1.tdf Line: 28
Warning (14284): Synthesized away the following node(s):
    Warning (14285): Synthesized away the following RAM node(s):
        Warning (14320): Synthesized away node "program_memory:ROM|altsyncram:rom_rtl_0|altsyncram_fmf1:auto_generated|ram_block1a8" File: C:/Users/naila/Documents/GitHub/ci-digital/projeto-final/db/altsyncram_fmf1.tdf Line: 204
        Warning (14320): Synthesized away node "program_memory:ROM|altsyncram:rom_rtl_0|altsyncram_fmf1:auto_generated|ram_block1a9" File: C:/Users/naila/Documents/GitHub/ci-digital/projeto-final/db/altsyncram_fmf1.tdf Line: 225
        Warning (14320): Synthesized away node "program_memory:ROM|altsyncram:rom_rtl_0|altsyncram_fmf1:auto_generated|ram_block1a10" File: C:/Users/naila/Documents/GitHub/ci-digital/projeto-final/db/altsyncram_fmf1.tdf Line: 246
        Warning (14320): Synthesized away node "program_memory:ROM|altsyncram:rom_rtl_0|altsyncram_fmf1:auto_generated|ram_block1a11" File: C:/Users/naila/Documents/GitHub/ci-digital/projeto-final/db/altsyncram_fmf1.tdf Line: 267
Warning (13024): Output pins are stuck at VCC or GND
    Warning (13410): Pin "debug_State[2]" is stuck at GND File: C:/Users/naila/Documents/GitHub/ci-digital/projeto-final/processador_8bits.v Line: 108
    Warning (13410): Pin "debug_State[3]" is stuck at GND File: C:/Users/naila/Documents/GitHub/ci-digital/projeto-final/processador_8bits.v Line: 108
Info (286030): Timing-Driven Synthesis is running
Info (16010): Generating hard_block partition "hard_block:auto_generated_inst"
    Info (16011): Adding 0 node(s), including 0 DDIO, 0 PLL, 0 transceiver and 0 LCELL
Info (21057): Implemented 3168 device resources after synthesis - the final resource count might be different
    Info (21058): Implemented 2 input pins
    Info (21059): Implemented 28 output pins
    Info (21061): Implemented 3126 logic cells
    Info (21064): Implemented 12 RAM segments
Info: Quartus Prime Analysis & Synthesis was successful. 0 errors, 20 warnings
    Info: Peak virtual memory: 4845 megabytes
    Info: Processing ended: Wed Nov 26 15:38:04 2025
    Info: Elapsed time: 00:00:27
    Info: Total CPU time (on all processors): 00:00:36


